<?xml version="1.0" encoding="UTF-8"?>
<!-- Generated by org.testng.reporters.JUnitReportReporter -->
<testsuite hostname="TL508" failures="0" tests="4" name="com.test.java.LoginTest" time="47.358" errors="0" timestamp="2023-02-22T14:39:20 IST" skipped="0">
  <testcase classname="com.test.java.LoginTest" name="loginTestTC_LOGIN_001" time="8.046"/>
  <system-out/>
  <testcase classname="com.test.java.LoginTest" name="loginTestTC_LOGIN_002" time="9.758"/>
  <system-out/>
  <testcase classname="com.test.java.LoginTest" name="loginTestTC_LOGIN_003" time="20.018"/>
  <system-out/>
  <testcase classname="com.test.java.LoginTest" name="loginTestTC_LOGIN_004" time="9.536"/>
  <system-out/>
</testsuite> <!-- com.test.java.LoginTest -->
