<?xml version="1.0" encoding="UTF-8"?>
<!-- Generated by org.testng.reporters.JUnitReportReporter -->
<testsuite hostname="TL508" failures="0" tests="3" name="com.mobiletests.com.LogInMobileTest" time="118.130" errors="0" timestamp="2023-02-22T14:45:56 IST" skipped="0">
  <testcase classname="com.mobiletests.com.LogInMobileTest" name="SwitchOnWifi" time="58.023"/>
  <system-out/>
  <testcase classname="com.mobiletests.com.LogInMobileTest" name="BatteryChargeTest" time="19.992"/>
  <system-out/>
  <testcase classname="com.mobiletests.com.LogInMobileTest" name="SystemTime" time="40.115"/>
  <system-out/>
</testsuite> <!-- com.mobiletests.com.LogInMobileTest -->
