<?xml version="1.0" encoding="UTF-8"?>
<!-- Generated by org.testng.reporters.JUnitReportReporter -->
<testsuite hostname="TL508" failures="0" tests="1" name="main.java.pages.Page_Login" time="0.008" errors="0" timestamp="2023-02-10T15:53:51 IST" skipped="0">
  <testcase classname="main.java.pages.Page_Login" name="test" time="0.008"/>
  <system-out/>
</testsuite> <!-- main.java.pages.Page_Login -->
