<?xml version="1.0" encoding="UTF-8"?>
<!-- Generated by org.testng.reporters.JUnitReportReporter -->
<testsuite hostname="TL508" failures="0" tests="1" name="com.test.java.EmployeeServicesTest" time="16.425" errors="0" timestamp="2023-02-22T12:35:59 IST" skipped="0">
  <testcase classname="com.test.java.EmployeeServicesTest" name="EmpServicesTC_EMPLOYEESERVICES_005" time="16.425"/>
  <system-out/>
</testsuite> <!-- com.test.java.EmployeeServicesTest -->
