<?xml version="1.0" encoding="UTF-8"?>
<!-- Generated by org.testng.reporters.JUnitReportReporter -->
<testsuite hostname="TL508" failures="0" tests="1" name="InterviewPrep.DataProvider" time="0.006" errors="0" timestamp="2023-03-07T14:09:27 IST" skipped="0">
  <testcase classname="InterviewPrep.DataProvider" name="Test" time="0.006"/>
  <system-out/>
</testsuite> <!-- InterviewPrep.DataProvider -->
